::1 - - [11/Aug/2022:13:44:31 +0500] "GET /shop/ HTTP/1.1" 302 -
::1 - - [11/Aug/2022:13:44:31 +0500] "GET /shop/public HTTP/1.1" 302 -
::1 - - [11/Aug/2022:13:44:31 +0500] "GET /shop/public HTTP/1.1" 302 -
::1 - - [11/Aug/2022:13:44:31 +0500] "GET /shop/public HTTP/1.1" 302 -
::1 - - [11/Aug/2022:13:44:31 +0500] "GET /shop/public HTTP/1.1" 302 -
::1 - - [11/Aug/2022:13:44:31 +0500] "GET /shop/public HTTP/1.1" 302 -
::1 - - [11/Aug/2022:13:44:31 +0500] "GET /shop/public HTTP/1.1" 302 -
::1 - - [11/Aug/2022:13:44:31 +0500] "GET /shop/public HTTP/1.1" 302 -
::1 - - [11/Aug/2022:13:44:31 +0500] "GET /shop/public HTTP/1.1" 302 -
::1 - - [11/Aug/2022:13:44:31 +0500] "GET /shop/public HTTP/1.1" 302 -
::1 - - [11/Aug/2022:13:44:31 +0500] "GET /shop/public HTTP/1.1" 302 -
::1 - - [11/Aug/2022:13:44:31 +0500] "GET /shop/public HTTP/1.1" 302 -
::1 - - [11/Aug/2022:13:44:31 +0500] "GET /shop/public HTTP/1.1" 302 -
::1 - - [11/Aug/2022:13:44:31 +0500] "GET /shop/public HTTP/1.1" 302 -
::1 - - [11/Aug/2022:13:44:31 +0500] "GET /shop/public HTTP/1.1" 302 -
::1 - - [11/Aug/2022:13:44:31 +0500] "GET /shop/public HTTP/1.1" 302 -
::1 - - [11/Aug/2022:13:44:31 +0500] "GET /shop/public HTTP/1.1" 302 -
::1 - - [11/Aug/2022:13:44:31 +0500] "GET /shop/public HTTP/1.1" 302 -
::1 - - [11/Aug/2022:13:44:31 +0500] "GET /shop/public HTTP/1.1" 302 -
::1 - - [11/Aug/2022:13:44:31 +0500] "GET /shop/public HTTP/1.1" 302 -
::1 - - [11/Aug/2022:13:44:32 +0500] "GET /shop/public HTTP/1.1" 302 -
::1 - - [11/Aug/2022:13:44:32 +0500] "GET /shop/public HTTP/1.1" 302 -
::1 - - [11/Aug/2022:13:44:32 +0500] "GET /shop/public HTTP/1.1" 302 -
::1 - - [11/Aug/2022:13:44:32 +0500] "GET /shop/public HTTP/1.1" 302 -
::1 - - [11/Aug/2022:13:44:32 +0500] "GET /shop/public HTTP/1.1" 302 -
::1 - - [11/Aug/2022:13:44:32 +0500] "GET /shop/public HTTP/1.1" 302 -
::1 - - [11/Aug/2022:13:44:32 +0500] "GET /shop/public HTTP/1.1" 302 -
::1 - - [11/Aug/2022:13:44:32 +0500] "GET /shop/public HTTP/1.1" 302 -
::1 - - [11/Aug/2022:13:44:32 +0500] "GET /shop/public HTTP/1.1" 302 -
::1 - - [11/Aug/2022:13:44:32 +0500] "GET /shop/public HTTP/1.1" 302 -
::1 - - [11/Aug/2022:13:44:32 +0500] "GET /shop/public HTTP/1.1" 302 -
::1 - - [11/Aug/2022:13:44:32 +0500] "GET /shop/public HTTP/1.1" 302 -
::1 - - [11/Aug/2022:13:44:32 +0500] "GET /shop/public HTTP/1.1" 302 -
::1 - - [11/Aug/2022:13:44:32 +0500] "GET /shop/public HTTP/1.1" 302 -
::1 - - [11/Aug/2022:13:44:32 +0500] "GET /shop/public HTTP/1.1" 302 -
::1 - - [11/Aug/2022:13:44:32 +0500] "GET /shop/public HTTP/1.1" 302 -
::1 - - [11/Aug/2022:13:44:32 +0500] "GET /shop/public HTTP/1.1" 302 -
::1 - - [11/Aug/2022:13:44:32 +0500] "GET /shop/public HTTP/1.1" 302 -
::1 - - [11/Aug/2022:13:44:32 +0500] "GET /shop/public HTTP/1.1" 302 -
::1 - - [11/Aug/2022:13:44:32 +0500] "GET /shop/public HTTP/1.1" 302 -
::1 - - [11/Aug/2022:13:44:37 +0500] "GET /shop/public HTTP/1.1" 302 -
::1 - - [11/Aug/2022:13:44:37 +0500] "GET /shop/public HTTP/1.1" 302 -
::1 - - [11/Aug/2022:13:44:37 +0500] "GET /shop/public HTTP/1.1" 302 -
::1 - - [11/Aug/2022:13:44:37 +0500] "GET /shop/public HTTP/1.1" 302 -
::1 - - [11/Aug/2022:13:44:37 +0500] "GET /shop/public HTTP/1.1" 302 -
::1 - - [11/Aug/2022:13:44:37 +0500] "GET /shop/public HTTP/1.1" 302 -
::1 - - [11/Aug/2022:13:44:37 +0500] "GET /shop/public HTTP/1.1" 302 -
::1 - - [11/Aug/2022:13:44:37 +0500] "GET /shop/public HTTP/1.1" 302 -
::1 - - [11/Aug/2022:13:44:38 +0500] "GET /shop/public HTTP/1.1" 302 -
::1 - - [11/Aug/2022:13:44:38 +0500] "GET /shop/public HTTP/1.1" 302 -
::1 - - [11/Aug/2022:13:44:38 +0500] "GET /shop/public HTTP/1.1" 302 -
::1 - - [11/Aug/2022:13:44:38 +0500] "GET /shop/public HTTP/1.1" 302 -
::1 - - [11/Aug/2022:13:44:38 +0500] "GET /shop/public HTTP/1.1" 302 -
::1 - - [11/Aug/2022:13:44:38 +0500] "GET /shop/public HTTP/1.1" 302 -
::1 - - [11/Aug/2022:13:44:38 +0500] "GET /shop/public HTTP/1.1" 302 -
::1 - - [11/Aug/2022:13:44:38 +0500] "GET /shop/public HTTP/1.1" 302 -
::1 - - [11/Aug/2022:13:44:38 +0500] "GET /shop/public HTTP/1.1" 302 -
::1 - - [11/Aug/2022:13:44:38 +0500] "GET /shop/public HTTP/1.1" 302 -
::1 - - [11/Aug/2022:13:44:38 +0500] "GET /shop/public HTTP/1.1" 302 -
::1 - - [11/Aug/2022:13:44:38 +0500] "GET /shop/public HTTP/1.1" 302 -
::1 - - [11/Aug/2022:13:44:41 +0500] "GET / HTTP/1.1" 302 -
::1 - - [11/Aug/2022:13:44:41 +0500] "GET /public HTTP/1.1" 301 337
::1 - - [11/Aug/2022:13:44:41 +0500] "GET /public/ HTTP/1.1" 200 1744
::1 - - [11/Aug/2022:13:44:41 +0500] "GET /public/css/bootstrap.min.css HTTP/1.1" 200 155631
::1 - - [11/Aug/2022:13:44:41 +0500] "GET /public/js/bootstrap.min.js HTTP/1.1" 200 60091
::1 - - [11/Aug/2022:13:44:41 +0500] "GET /public/images/logo/img.png HTTP/1.1" 200 883222
::1 - - [11/Aug/2022:13:44:42 +0500] "GET /public/images/logo/logo.png HTTP/1.1" 200 2591811
::1 - - [11/Aug/2022:13:45:04 +0500] "GET / HTTP/1.1" 302 -
::1 - - [11/Aug/2022:13:45:04 +0500] "GET /public/ HTTP/1.1" 200 1744
::1 - - [11/Aug/2022:13:45:09 +0500] "GET /public/shop/ HTTP/1.1" 301 341
::1 - - [11/Aug/2022:13:45:09 +0500] "GET /public/shop HTTP/1.1" 200 8465
::1 - - [11/Aug/2022:13:45:46 +0500] "GET /public/shop/?page=3 HTTP/1.1" 301 348
::1 - - [11/Aug/2022:13:45:46 +0500] "GET /public/shop?page=3 HTTP/1.1" 200 8465
::1 - - [11/Aug/2022:13:47:23 +0500] "GET /public/shop?page=3 HTTP/1.1" 200 5
::1 - - [11/Aug/2022:13:47:23 +0500] "GET /favicon.ico HTTP/1.1" 404 298
::1 - - [11/Aug/2022:13:47:30 +0500] "GET /public/shop?last_id=3 HTTP/1.1" 200 5
::1 - - [11/Aug/2022:13:48:57 +0500] "GET /public/shop/?last_id=3 HTTP/1.1" 301 351
::1 - - [11/Aug/2022:13:48:57 +0500] "GET /public/shop?last_id=3 HTTP/1.1" 200 5
::1 - - [11/Aug/2022:13:50:03 +0500] "GET /public/shop?last_id=3 HTTP/1.1" 500 953218
::1 - - [11/Aug/2022:13:52:42 +0500] "GET /public/shop?last_id=3 HTTP/1.1" 500 953262
::1 - - [11/Aug/2022:14:03:31 +0500] "GET /public/shop?last_id=3 HTTP/1.1" 500 953238
::1 - - [11/Aug/2022:14:03:56 +0500] "GET /public/shop/3/ HTTP/1.1" 301 343
::1 - - [11/Aug/2022:14:03:56 +0500] "GET /public/shop/3 HTTP/1.1" 200 1
::1 - - [11/Aug/2022:14:50:26 +0500] "GET /public/shop/1 HTTP/1.1" 200 6
::1 - - [11/Aug/2022:14:50:50 +0500] "GET /public/shop/3 HTTP/1.1" 200 6
::1 - - [11/Aug/2022:14:51:08 +0500] "GET /public/shop/3 HTTP/1.1" 200 8466
::1 - - [11/Aug/2022:14:53:35 +0500] "GET /public/shop/3 HTTP/1.1" 500 1416085
::1 - - [11/Aug/2022:14:55:46 +0500] "GET /public/shop/3 HTTP/1.1" 500 1416159
::1 - - [11/Aug/2022:15:03:34 +0500] "GET /public/shop/3 HTTP/1.1" 500 959452
::1 - - [11/Aug/2022:15:04:33 +0500] "GET /public/shop/3 HTTP/1.1" 500 1136009
::1 - - [11/Aug/2022:15:17:19 +0500] "GET /public/shop/3 HTTP/1.1" 500 1135352
::1 - - [11/Aug/2022:15:19:07 +0500] "GET /public/shop/3 HTTP/1.1" 500 917102
::1 - - [11/Aug/2022:15:20:23 +0500] "GET /public/shop/3 HTTP/1.1" 500 1127545
::1 - - [11/Aug/2022:15:21:10 +0500] "GET /public/shop/3 HTTP/1.1" 500 960052
::1 - - [11/Aug/2022:15:21:28 +0500] "GET /public/shop/3 HTTP/1.1" 200 1
::1 - - [11/Aug/2022:15:24:26 +0500] "GET /public/shop/3 HTTP/1.1" 500 1127579
::1 - - [11/Aug/2022:15:25:12 +0500] "GET /public/shop/3 HTTP/1.1" 500 1058883
::1 - - [11/Aug/2022:15:25:59 +0500] "GET /public/shop/3 HTTP/1.1" 500 1135745
::1 - - [11/Aug/2022:15:29:50 +0500] "GET /public/shop/3 HTTP/1.1" 200 3456
::1 - - [11/Aug/2022:15:32:22 +0500] "GET /public/shop/3 HTTP/1.1" 200 3456
::1 - - [11/Aug/2022:15:33:07 +0500] "GET /public/shop/3 HTTP/1.1" 200 3484
::1 - - [11/Aug/2022:18:56:08 +0500] "GET /public/shop HTTP/1.1" 200 5
::1 - - [11/Aug/2022:18:56:48 +0500] "GET /public/shop HTTP/1.1" 200 5
::1 - - [11/Aug/2022:18:57:03 +0500] "GET /public/shop HTTP/1.1" 200 5
::1 - - [11/Aug/2022:18:57:25 +0500] "GET /public/shop/WzI2NjY3MzY0NiwyNjY2NzM2NDZd HTTP/1.1" 200 33
::1 - - [11/Aug/2022:18:57:46 +0500] "GET /public/shop/WzI2NjY3MzY0NiwyNjY2NzM2NDZd HTTP/1.1" 200 3488
::1 - - [11/Aug/2022:18:58:05 +0500] "GET /public/shop/WzI2NjY4Mjg3NywyNjY2ODI4Nzdd HTTP/1.1" 200 3396
::1 - - [11/Aug/2022:18:58:16 +0500] "GET /public/shop/WzI2NjY4NDYzNSwyNjY2ODQ2MzVd HTTP/1.1" 200 3396
::1 - - [11/Aug/2022:18:58:27 +0500] "GET /public/shop/WzI2NjY4NTUwNiwyNjY2ODU1MDZd HTTP/1.1" 200 3429
::1 - - [11/Aug/2022:19:00:17 +0500] "GET /public/shop/WzI2NjY4NTUwNiwyNjY2ODU1MDZd HTTP/1.1" 200 3628
::1 - - [11/Aug/2022:19:00:42 +0500] "GET /public/shop/WzI2NjY4NTUwNiwyNjY2ODU1MDZd HTTP/1.1" 200 3423
::1 - - [11/Aug/2022:19:01:47 +0500] "GET /public/shop/WzI2NjY4NTUwNiwyNjY2ODU1MDZd HTTP/1.1" 200 3455
::1 - - [11/Aug/2022:19:01:53 +0500] "GET /shop/ HTTP/1.1" 404 298
::1 - - [11/Aug/2022:19:02:18 +0500] "GET /public/shop/WzI2NjY4NTUwNiwyNjY2ODU1MDZd HTTP/1.1" 200 3455
::1 - - [11/Aug/2022:19:02:24 +0500] "GET /shop/WzI2NzQxNzU2NCwyNjc0MTc1NjRd HTTP/1.1" 404 298
::1 - - [11/Aug/2022:19:02:46 +0500] "GET /public/shop/WzI2NjY4NTUwNiwyNjY2ODU1MDZd HTTP/1.1" 200 3462
::1 - - [11/Aug/2022:19:02:50 +0500] "GET /public/shop/WzI2NzQxNzU2NCwyNjc0MTc1NjRd HTTP/1.1" 200 3488
::1 - - [11/Aug/2022:19:03:42 +0500] "GET /public/js/bootstrap.min.js.map HTTP/1.1" 200 217655
::1 - - [11/Aug/2022:19:03:42 +0500] "GET /public/css/bootstrap.min.css.map HTTP/1.1" 200 429472
::1 - - [11/Aug/2022:19:05:00 +0500] "GET /public/shop/WzI2NzQxNzU2NCwyNjc0MTc1NjRd HTTP/1.1" 200 3552
::1 - - [11/Aug/2022:19:05:02 +0500] "GET /public/js/bootstrap.min.js.map HTTP/1.1" 200 217655
::1 - - [11/Aug/2022:19:05:02 +0500] "GET /public/css/bootstrap.min.css.map HTTP/1.1" 200 429472
::1 - - [11/Aug/2022:19:06:39 +0500] "GET /public/shop/WzI2NzQxNzU2NCwyNjc0MTc1NjRd HTTP/1.1" 200 3552
::1 - - [11/Aug/2022:19:07:55 +0500] "GET /public/shop/WzI2OTU0MjI0MywyNjk1NDIyNDNd HTTP/1.1" 200 3548
::1 - - [11/Aug/2022:19:09:08 +0500] "GET /public/shop/WzI2OTU0MjI0MywyNjk1NDIyNDNd HTTP/1.1" 500 1077473
::1 - - [11/Aug/2022:19:09:46 +0500] "GET /public/shop/WzI2OTU0MjI0MywyNjk1NDIyNDNd HTTP/1.1" 200 3722
::1 - - [11/Aug/2022:19:09:52 +0500] "GET /public/shop/WzI2OTU1MjA2OCwyNjk1NTIwNjhd HTTP/1.1" 200 3688
::1 - - [11/Aug/2022:19:24:04 +0500] "GET /public/shop/WzI2OTU2Mzc3OCwyNjk1NjM3Nzhd HTTP/1.1" 200 3740
::1 - - [11/Aug/2022:19:24:16 +0500] "GET /public/shop/WzI3MDI1NTc0MywyNzAyNTU3NDNd HTTP/1.1" 200 3793
::1 - - [11/Aug/2022:19:24:21 +0500] "GET /public/shop/WzI3MDI5MzgxNSwyNzAyOTM4MTVd HTTP/1.1" 200 3877
::1 - - [11/Aug/2022:19:24:28 +0500] "GET /public/shop/WzI3MDMxODE3MywyNzAzMTgxNzNd HTTP/1.1" 200 3741
::1 - - [11/Aug/2022:19:24:35 +0500] "GET /public/shop/WzI3MzU1NzEwMCwyNzM1NTcxMDBd HTTP/1.1" 200 3673
::1 - - [11/Aug/2022:19:24:41 +0500] "GET /public/shop/WzI4NjI0NzA4MCwyODYyNDcwODBd HTTP/1.1" 200 3661
::1 - - [11/Aug/2022:19:28:18 +0500] "GET /public/shop/WzI4NjI0NzA4MCwyODYyNDcwODBd HTTP/1.1" 200 33
::1 - - [11/Aug/2022:19:29:05 +0500] "GET /public/shop/WzI4NjI0NzA4MCwyODYyNDcwODBd HTTP/1.1" 200 33
::1 - - [11/Aug/2022:19:30:50 +0500] "GET /public/shop/WzI4NjI0NzA4MCwyODYyNDcwODBd HTTP/1.1" 200 33
::1 - - [11/Aug/2022:19:33:03 +0500] "GET /public/shop/WzI4NjI0NzA4MCwyODYyNDcwODBd HTTP/1.1" 200 33
::1 - - [11/Aug/2022:19:33:33 +0500] "GET /public/shop/WzI4NjI0NzA4MCwyODYyNDcwODBd HTTP/1.1" 200 33
::1 - - [11/Aug/2022:19:34:33 +0500] "GET /public/shop/WzI4NjI0NzA4MCwyODYyNDcwODBd HTTP/1.1" 200 33
::1 - - [11/Aug/2022:19:35:01 +0500] "GET /public/shop/WzI4NjI0NzA4MCwyODYyNDcwODBd HTTP/1.1" 200 33
::1 - - [11/Aug/2022:19:35:38 +0500] "GET /public/shop/WzI4NjI0NzA4MCwyODYyNDcwODBd HTTP/1.1" 200 33
::1 - - [11/Aug/2022:19:35:50 +0500] "GET /public/shop/WzI4NjI0NzA4MCwyODYyNDcwODBd HTTP/1.1" 200 33
::1 - - [11/Aug/2022:19:36:26 +0500] "GET /public/shop/WzI4NjI0NzA4MCwyODYyNDcwODBd HTTP/1.1" 200 3661
::1 - - [11/Aug/2022:19:37:06 +0500] "GET /public/shop/WzI4NjI0NzA4MCwyODYyNDcwODBd HTTP/1.1" 200 3661
::1 - - [11/Aug/2022:19:38:42 +0500] "GET /public/shop/WzI4NjI0NzA4MCwyODYyNDcwODBd HTTP/1.1" 200 33
::1 - - [11/Aug/2022:19:39:00 +0500] "GET /public/shop/WzI4NjI0NzA4MCwyODYyNDcwODBd HTTP/1.1" 200 3661
::1 - - [11/Aug/2022:19:40:25 +0500] "GET /public/shop/WzI4NjI0NzA4MCwyODYyNDcwODBd HTTP/1.1" 200 33
::1 - - [11/Aug/2022:19:40:47 +0500] "GET /public/shop/WzI4NjI0NzA4MCwyODYyNDcwODBd HTTP/1.1" 200 3661
::1 - - [11/Aug/2022:19:41:02 +0500] "GET /public/shop/WzI4NjI1ODEzNiwyODYyNTgxMzZd HTTP/1.1" 200 3655
::1 - - [11/Aug/2022:19:42:58 +0500] "GET /public/shop/WzI4NjI1ODEzNiwyODYyNTgxMzZd HTTP/1.1" 200 3655
::1 - - [11/Aug/2022:19:43:05 +0500] "GET /public/shop/WzI4NjI1ODE0MiwyODYyNTgxNDJd HTTP/1.1" 200 3750
::1 - - [11/Aug/2022:19:43:34 +0500] "GET /public/shop/WzI4OTA0NTA4MSwyODkwNDUwODFd HTTP/1.1" 200 3826
::1 - - [11/Aug/2022:19:43:41 +0500] "GET /public/shop/WzI4OTQyODM1NiwyODk0MjgzNTZd HTTP/1.1" 200 3725
::1 - - [11/Aug/2022:19:44:18 +0500] "GET /public/shop/WzI4OTQyODM1NiwyODk0MjgzNTZd HTTP/1.1" 200 3792
::1 - - [11/Aug/2022:19:44:36 +0500] "GET /public/shop/WzI2NzM5MzI0MywyNjczOTMyNDNd HTTP/1.1" 200 3700
::1 - - [11/Aug/2022:19:44:40 +0500] "GET /public/shop/WzI2NzQyMTUyMSwyNjc0MjE1MjFd HTTP/1.1" 200 3739
::1 - - [11/Aug/2022:19:44:45 +0500] "GET /public/shop/WzI2OTU0MjM4MiwyNjk1NDIzODJd HTTP/1.1" 200 3705
::1 - - [11/Aug/2022:19:44:49 +0500] "GET /public/shop/WzI2OTU1ODU2MSwyNjk1NTg1NjFd HTTP/1.1" 200 3688
::1 - - [11/Aug/2022:19:44:53 +0500] "GET /public/shop/WzI2OTU2NDE4MiwyNjk1NjQxODJd HTTP/1.1" 200 3751
::1 - - [11/Aug/2022:19:44:57 +0500] "GET /public/shop/WzI3MDI1NTc0NSwyNzAyNTU3NDVd HTTP/1.1" 200 3877
::1 - - [11/Aug/2022:19:45:05 +0500] "GET /public/shop/WzI3MDMxODE3MiwyNzAzMTgxNzJd HTTP/1.1" 200 3805
::1 - - [11/Aug/2022:19:45:09 +0500] "GET /public/shop/WzI3MzU1NzEwMCwyNzM1NTcxMDBd HTTP/1.1" 200 3673
::1 - - [11/Aug/2022:19:49:17 +0500] "GET /public/shop/WzI3MzU1NzEwMCwyNzM1NTcxMDBd HTTP/1.1" 200 28
::1 - - [11/Aug/2022:19:49:57 +0500] "GET /public/shop/WzI3MzU1NzEwMCwyNzM1NTcxMDBd HTTP/1.1" 200 28
::1 - - [11/Aug/2022:19:51:18 +0500] "GET /public/shop/WzI3MzU1NzEwMCwyNzM1NTcxMDBd HTTP/1.1" 200 82084
::1 - - [11/Aug/2022:20:00:08 +0500] "GET /public/shop/WzI3MzU1NzEwMCwyNzM1NTcxMDBd HTTP/1.1" 200 3792
::1 - - [11/Aug/2022:20:01:05 +0500] "GET /public/shop/WzI2NzM5MzI0MywyNjczOTMyNDNd HTTP/1.1" 200 3792
::1 - - [11/Aug/2022:20:01:10 +0500] "GET /public/shop/WzI2NzM5MzI0MywyNjczOTMyNDNd HTTP/1.1" 200 3792
::1 - - [11/Aug/2022:20:01:29 +0500] "GET /public/shop/WzI2NzM5MzI0MywyNjczOTMyNDNd HTTP/1.1" 200 3792
::1 - - [11/Aug/2022:20:02:10 +0500] "GET /public/shop/WzI2NzM5MzI0MywyNjczOTMyNDNd HTTP/1.1" 200 33
::1 - - [11/Aug/2022:20:03:02 +0500] "GET /public/shop/WzI2NzM5MzI0MywyNjczOTMyNDNd HTTP/1.1" 200 3792
::1 - - [11/Aug/2022:20:03:07 +0500] "GET /public/shop/WzI2NzM5MzI0MywyNjczOTMyNDNd HTTP/1.1" 200 3792
::1 - - [11/Aug/2022:20:03:46 +0500] "GET /public/shop/WzI2NzM5MzI0MywyNjczOTMyNDNd HTTP/1.1" 200 6411
::1 - - [11/Aug/2022:20:03:53 +0500] "GET /public/shop/WzI2OTU0MjM4MiwyNjk1NDIzODJd HTTP/1.1" 200 6365
::1 - - [11/Aug/2022:20:03:59 +0500] "GET /public/shop/WzI2OTU2NDE4MiwyNjk1NjQxODJd HTTP/1.1" 200 6600
::1 - - [11/Aug/2022:20:04:11 +0500] "GET /public/shop/WzI3MDMxODE3MiwyNzAzMTgxNzJd HTTP/1.1" 200 6450
::1 - - [11/Aug/2022:20:04:28 +0500] "GET /public/shop/WzI4NjI0NzA4MCwyODYyNDcwODBd HTTP/1.1" 200 6288
::1 - - [11/Aug/2022:20:05:06 +0500] "GET /public/shop HTTP/1.1" 200 6436
::1 - - [11/Aug/2022:20:17:44 +0500] "GET /public/shop HTTP/1.1" 500 962927
::1 - - [11/Aug/2022:20:18:22 +0500] "GET /public/shop HTTP/1.1" 200 1000
::1 - - [11/Aug/2022:20:18:45 +0500] "GET /public/shop HTTP/1.1" 200 10167
::1 - - [11/Aug/2022:20:19:31 +0500] "GET /public/shop/WzMzMzgyMDkwOCwzMzM4MjA5MDhd HTTP/1.1" 200 972
::1 - - [11/Aug/2022:20:19:34 +0500] "GET /public/shop HTTP/1.1" 200 10167
::1 - - [11/Aug/2022:20:24:45 +0500] "GET /public/shop HTTP/1.1" 200 6436
::1 - - [11/Aug/2022:20:24:50 +0500] "GET /public/shop/WzI2NzQyMTUyMSwyNjc0MjE1MjFd HTTP/1.1" 200 6416
::1 - - [11/Aug/2022:20:24:56 +0500] "GET /public/shop/WzI2OTU1ODU2MSwyNjk1NTg1NjFd HTTP/1.1" 200 6411
::1 - - [11/Aug/2022:20:37:51 +0500] "GET /public/shop HTTP/1.1" 200 6436
::1 - - [11/Aug/2022:20:38:47 +0500] "GET /public/shop HTTP/1.1" 200 6436
::1 - - [11/Aug/2022:20:40:26 +0500] "GET /public/shop HTTP/1.1" 200 6436
::1 - - [11/Aug/2022:20:41:04 +0500] "GET /public/shop HTTP/1.1" 200 6436
::1 - - [11/Aug/2022:20:42:08 +0500] "GET /public/shop HTTP/1.1" 200 5
::1 - - [11/Aug/2022:20:42:39 +0500] "GET /public/shop HTTP/1.1" 200 5
::1 - - [11/Aug/2022:20:43:52 +0500] "GET /public/shop HTTP/1.1" 200 1992
::1 - - [11/Aug/2022:20:44:50 +0500] "GET /public/shop HTTP/1.1" 200 1992
::1 - - [11/Aug/2022:20:50:32 +0500] "GET /public/shop HTTP/1.1" 200 1992
::1 - - [11/Aug/2022:20:56:17 +0500] "GET /public/shop HTTP/1.1" 200 1992
::1 - - [11/Aug/2022:20:59:49 +0500] "GET /public/shop HTTP/1.1" 200 1999
::1 - - [11/Aug/2022:21:00:30 +0500] "GET /public/shop HTTP/1.1" 500 961626
::1 - - [11/Aug/2022:21:00:49 +0500] "GET /public/shop HTTP/1.1" 200 1999
::1 - - [11/Aug/2022:21:01:27 +0500] "GET /public/shop HTTP/1.1" 200 1999
::1 - - [11/Aug/2022:21:04:27 +0500] "GET /public/shop HTTP/1.1" 200 1999
::1 - - [11/Aug/2022:21:05:47 +0500] "GET /public/shop HTTP/1.1" 200 1999
::1 - - [12/Aug/2022:07:43:19 +0500] "GET /public/shop HTTP/1.1" 200 5
::1 - - [12/Aug/2022:07:43:41 +0500] "GET /public/shop HTTP/1.1" 200 5
::1 - - [12/Aug/2022:07:43:47 +0500] "GET /public/shop HTTP/1.1" 200 5
::1 - - [12/Aug/2022:07:44:25 +0500] "GET /public/shop HTTP/1.1" 200 5
::1 - - [12/Aug/2022:07:45:20 +0500] "GET /public/shop HTTP/1.1" 200 1999
::1 - - [12/Aug/2022:08:00:48 +0500] "GET /public/shop HTTP/1.1" 500 959135
::1 - - [12/Aug/2022:08:02:46 +0500] "GET /public/shop HTTP/1.1" 200 2721
::1 - - [12/Aug/2022:08:18:04 +0500] "GET /public/shop HTTP/1.1" 500 955011
::1 - - [12/Aug/2022:08:18:56 +0500] "GET /public/shop HTTP/1.1" 200 2721
::1 - - [12/Aug/2022:08:19:48 +0500] "GET /public/shop HTTP/1.1" 200 2721
::1 - - [12/Aug/2022:08:23:09 +0500] "GET /public/shop HTTP/1.1" 200 2743
::1 - - [12/Aug/2022:08:23:19 +0500] "GET /public/shop/'..' HTTP/1.1" 200 2743
::1 - - [12/Aug/2022:08:24:01 +0500] "GET /public/shop/'..' HTTP/1.1" 200 2715
::1 - - [12/Aug/2022:08:24:06 +0500] "GET /public/shop HTTP/1.1" 200 2715
::1 - - [12/Aug/2022:08:24:11 +0500] "GET /public/shop HTTP/1.1" 200 2715
::1 - - [12/Aug/2022:08:24:32 +0500] "GET /public/shop HTTP/1.1" 200 2715
::1 - - [12/Aug/2022:08:26:10 +0500] "GET /public/shop HTTP/1.1" 200 9858
::1 - - [12/Aug/2022:08:26:27 +0500] "GET /public/shop HTTP/1.1" 200 9858
::1 - - [12/Aug/2022:14:01:07 +0500] "GET /public/shop HTTP/1.1" 200 10526
::1 - - [12/Aug/2022:14:01:10 +0500] "GET /public/js/owlcarousel/dist/assets/owl.carousel.min.css HTTP/1.1" 200 3351
::1 - - [12/Aug/2022:14:01:10 +0500] "GET /public/js/owlcarousel/dist/assets/owl.theme.default.min.css HTTP/1.1" 200 1013
::1 - - [12/Aug/2022:14:01:10 +0500] "GET /public/js/owlcarousel/dist/owl.carousel.js HTTP/1.1" 200 89992
::1 - - [12/Aug/2022:14:01:10 +0500] "GET /public/js/jquery.min.js HTTP/1.1" 404 6607
::1 - - [12/Aug/2022:14:01:53 +0500] "GET /public/shop HTTP/1.1" 200 10526
::1 - - [12/Aug/2022:14:01:55 +0500] "GET /public/js/jquery.min.js HTTP/1.1" 404 6607
::1 - - [12/Aug/2022:14:02:03 +0500] "GET /public/css/bootstrap.min.css.map HTTP/1.1" 200 429472
::1 - - [12/Aug/2022:14:05:01 +0500] "GET /public/shop HTTP/1.1" 200 10668
::1 - - [12/Aug/2022:14:05:03 +0500] "GET /public/js/jquery.min.js HTTP/1.1" 404 6607
::1 - - [12/Aug/2022:14:05:11 +0500] "GET /public/css/bootstrap.min.css.map HTTP/1.1" 200 429472
::1 - - [12/Aug/2022:14:06:43 +0500] "GET /public/shop HTTP/1.1" 200 10788
::1 - - [12/Aug/2022:14:06:45 +0500] "GET /public/js/jquery.min.js HTTP/1.1" 404 6607
::1 - - [12/Aug/2022:14:06:45 +0500] "GET /public/css/bootstrap.min.css.map HTTP/1.1" 200 429472
::1 - - [12/Aug/2022:14:07:44 +0500] "GET /public/shop HTTP/1.1" 200 10772
::1 - - [12/Aug/2022:14:07:45 +0500] "GET /public/css/bootstrap.min.css.map HTTP/1.1" 200 429472
::1 - - [12/Aug/2022:14:15:14 +0500] "GET /public/css/bootstrap.min.css.map HTTP/1.1" 200 429472
::1 - - [12/Aug/2022:14:15:31 +0500] "GET /public/css/bootstrap.min.css.map HTTP/1.1" 200 429472
::1 - - [12/Aug/2022:14:20:34 +0500] "GET /public/shop HTTP/1.1" 200 10772
::1 - - [12/Aug/2022:14:20:35 +0500] "GET /public/js/owlcarousel/dist/assets/owl.carousel.min.css HTTP/1.1" 200 3351
::1 - - [12/Aug/2022:14:20:35 +0500] "GET /public/js/owlcarousel/dist/assets/owl.theme.default.min.css HTTP/1.1" 200 1013
::1 - - [12/Aug/2022:14:20:35 +0500] "GET /public/js/owlcarousel/dist/owl.carousel.js HTTP/1.1" 200 89992
::1 - - [12/Aug/2022:14:20:35 +0500] "GET /public/css/bootstrap.min.css HTTP/1.1" 200 155631
::1 - - [12/Aug/2022:14:21:04 +0500] "GET /public/shop HTTP/1.1" 200 10737
::1 - - [12/Aug/2022:14:21:34 +0500] "GET /public/shop HTTP/1.1" 200 10738
::1 - - [12/Aug/2022:14:22:14 +0500] "GET /public/shop HTTP/1.1" 200 10729
::1 - - [12/Aug/2022:14:22:16 +0500] "GET /public/js/owlcarousel/dist/assets/owl.carousel.css HTTP/1.1" 200 4744
::1 - - [12/Aug/2022:14:22:16 +0500] "GET /public/js/owlcarousel/dist/assets/owl.theme.default.css HTTP/1.1" 200 1380
::1 - - [12/Aug/2022:14:25:17 +0500] "GET /public/shop HTTP/1.1" 200 10684
::1 - - [12/Aug/2022:14:25:19 +0500] "GET /public/js/owl.carousel.min.js HTTP/1.1" 200 44342
::1 - - [12/Aug/2022:14:25:19 +0500] "GET /public/js/css/owl.carousel.min.css HTTP/1.1" 404 6607
::1 - - [12/Aug/2022:14:25:19 +0500] "GET /public/js/css/owl.theme.default.min.css HTTP/1.1" 404 6607
::1 - - [12/Aug/2022:14:25:43 +0500] "GET /public/shop HTTP/1.1" 200 10678
::1 - - [12/Aug/2022:14:25:45 +0500] "GET /public/css/owl.carousel.min.css HTTP/1.1" 200 3351
::1 - - [12/Aug/2022:14:25:45 +0500] "GET /public/css/owl.theme.default.min.css HTTP/1.1" 200 1013
::1 - - [12/Aug/2022:14:27:00 +0500] "GET /public/shop HTTP/1.1" 200 10678
::1 - - [12/Aug/2022:14:27:06 +0500] "GET /public/css/bootstrap.min.css.map HTTP/1.1" 200 429472
::1 - - [12/Aug/2022:15:27:33 +0500] "GET /public/shop HTTP/1.1" 200 10678
::1 - - [12/Aug/2022:15:28:59 +0500] "GET /public/css/bootstrap.min.css.map HTTP/1.1" 200 429472
::1 - - [12/Aug/2022:15:31:42 +0500] "GET /public/shop HTTP/1.1" 200 11039
::1 - - [12/Aug/2022:15:31:44 +0500] "GET /public/css/bootstrap.min.css.map HTTP/1.1" 200 429472
::1 - - [12/Aug/2022:15:34:40 +0500] "GET /public/shop HTTP/1.1" 200 22931
::1 - - [12/Aug/2022:18:19:15 +0500] "GET /public/css/bootstrap.min.css.map HTTP/1.1" 200 429472
::1 - - [12/Aug/2022:18:20:17 +0500] "GET /public/shop HTTP/1.1" 200 22907
